10:09:57 [DEBUG] (1) svls: start
10:09:57 [DEBUG] (1) svls::backend: root_uri: Some(Url { scheme: "file", cannot_be_a_base: false, username: "", password: None, host: None, port: None, path: "/home/kons9/Documents/collision_avoidance_hdl", query: None, fragment: None })
10:09:57 [DEBUG] (1) svls::backend: config_svls: Some("/home/kons9/Documents/collision_avoidance_hdl/.svls.toml")
10:09:57 [DEBUG] (1) svls::backend: config_svlint: Some("/home/kons9/Documents/collision_avoidance_hdl/.svlint.toml")
10:09:57 [DEBUG] (1) svls::backend: did_open
10:09:57 [DEBUG] (1) svls::backend: include_paths: ["/home/kons9/Documents/collision_avoidance_hdl/include", "/home/kons9/Documents/collision_avoidance_hdl/tests/include", "/home/kons9/Documents/collision_avoidance_hdl/src"]
10:09:57 [DEBUG] (1) svls::backend: defines: {"DEBUG": Some(Define { identifier: "DEBUG", arguments: [], text: None })}
10:10:21 [DEBUG] (1) svls::backend: did_open
10:10:21 [DEBUG] (1) svls::backend: include_paths: ["/home/kons9/Documents/collision_avoidance_hdl/include", "/home/kons9/Documents/collision_avoidance_hdl/tests/include", "/home/kons9/Documents/collision_avoidance_hdl/src"]
10:10:21 [DEBUG] (1) svls::backend: defines: {"DEBUG": Some(Define { identifier: "DEBUG", arguments: [], text: None })}
10:10:26 [DEBUG] (1) svls::backend: did_open
10:10:26 [DEBUG] (1) svls::backend: include_paths: ["/home/kons9/Documents/collision_avoidance_hdl/include", "/home/kons9/Documents/collision_avoidance_hdl/tests/include", "/home/kons9/Documents/collision_avoidance_hdl/src"]
10:10:26 [DEBUG] (1) svls::backend: defines: {"DEBUG": Some(Define { identifier: "DEBUG", arguments: [], text: None })}
10:10:27 [DEBUG] (1) svls::backend: did_open
10:10:27 [DEBUG] (1) svls::backend: include_paths: ["/home/kons9/Documents/collision_avoidance_hdl/include", "/home/kons9/Documents/collision_avoidance_hdl/tests/include", "/home/kons9/Documents/collision_avoidance_hdl/src"]
10:10:27 [DEBUG] (1) svls::backend: defines: {"DEBUG": Some(Define { identifier: "DEBUG", arguments: [], text: None })}
10:12:19 [DEBUG] (1) svls::backend: did_open
10:12:19 [DEBUG] (1) svls::backend: include_paths: ["/home/kons9/Documents/collision_avoidance_hdl/include", "/home/kons9/Documents/collision_avoidance_hdl/tests/include", "/home/kons9/Documents/collision_avoidance_hdl/src"]
10:12:19 [DEBUG] (1) svls::backend: defines: {"DEBUG": Some(Define { identifier: "DEBUG", arguments: [], text: None })}
10:12:29 [DEBUG] (1) svls::backend: did_open
10:12:29 [DEBUG] (1) svls::backend: include_paths: ["/home/kons9/Documents/collision_avoidance_hdl/include", "/home/kons9/Documents/collision_avoidance_hdl/tests/include", "/home/kons9/Documents/collision_avoidance_hdl/src"]
10:12:29 [DEBUG] (1) svls::backend: defines: {"DEBUG": Some(Define { identifier: "DEBUG", arguments: [], text: None })}
10:12:29 [DEBUG] (1) svls::backend: parse_error: Include { source: File { source: Os { code: 2, kind: NotFound, message: "No such file or directory" }, path: "types.sv" } }
10:12:41 [DEBUG] (1) svls::backend: did_change
10:12:41 [DEBUG] (1) svls::backend: include_paths: ["/home/kons9/Documents/collision_avoidance_hdl/include", "/home/kons9/Documents/collision_avoidance_hdl/tests/include", "/home/kons9/Documents/collision_avoidance_hdl/src"]
10:12:41 [DEBUG] (1) svls::backend: defines: {"DEBUG": Some(Define { identifier: "DEBUG", arguments: [], text: None })}
10:12:41 [DEBUG] (1) svls::backend: parse_error: Include { source: File { source: Os { code: 2, kind: NotFound, message: "No such file or directory" }, path: "types.sv" } }
10:12:41 [DEBUG] (1) svls::backend: did_change
10:12:41 [DEBUG] (1) svls::backend: include_paths: ["/home/kons9/Documents/collision_avoidance_hdl/include", "/home/kons9/Documents/collision_avoidance_hdl/tests/include", "/home/kons9/Documents/collision_avoidance_hdl/src"]
10:12:41 [DEBUG] (1) svls::backend: defines: {"DEBUG": Some(Define { identifier: "DEBUG", arguments: [], text: None })}
10:12:41 [DEBUG] (1) svls::backend: parse_error: Include { source: File { source: Os { code: 2, kind: NotFound, message: "No such file or directory" }, path: "types.sv" } }
10:12:42 [DEBUG] (1) svls::backend: did_change
10:12:42 [DEBUG] (1) svls::backend: include_paths: ["/home/kons9/Documents/collision_avoidance_hdl/include", "/home/kons9/Documents/collision_avoidance_hdl/tests/include", "/home/kons9/Documents/collision_avoidance_hdl/src"]
10:12:42 [DEBUG] (1) svls::backend: defines: {"DEBUG": Some(Define { identifier: "DEBUG", arguments: [], text: None })}
10:12:42 [DEBUG] (1) svls::backend: parse_error: Include { source: File { source: Os { code: 2, kind: NotFound, message: "No such file or directory" }, path: "types.sv" } }
10:12:42 [DEBUG] (1) svls::backend: did_change
10:12:42 [DEBUG] (1) svls::backend: include_paths: ["/home/kons9/Documents/collision_avoidance_hdl/include", "/home/kons9/Documents/collision_avoidance_hdl/tests/include", "/home/kons9/Documents/collision_avoidance_hdl/src"]
10:12:42 [DEBUG] (1) svls::backend: defines: {"DEBUG": Some(Define { identifier: "DEBUG", arguments: [], text: None })}
10:12:42 [DEBUG] (1) svls::backend: parse_error: Include { source: File { source: Os { code: 2, kind: NotFound, message: "No such file or directory" }, path: "types.sv" } }
10:12:42 [DEBUG] (1) svls::backend: did_change
10:12:42 [DEBUG] (1) svls::backend: include_paths: ["/home/kons9/Documents/collision_avoidance_hdl/include", "/home/kons9/Documents/collision_avoidance_hdl/tests/include", "/home/kons9/Documents/collision_avoidance_hdl/src"]
10:12:42 [DEBUG] (1) svls::backend: defines: {"DEBUG": Some(Define { identifier: "DEBUG", arguments: [], text: None })}
10:12:42 [DEBUG] (1) svls::backend: parse_error: Include { source: File { source: Os { code: 2, kind: NotFound, message: "No such file or directory" }, path: "types.sv" } }
10:12:42 [DEBUG] (1) svls::backend: did_change
10:12:42 [DEBUG] (1) svls::backend: include_paths: ["/home/kons9/Documents/collision_avoidance_hdl/include", "/home/kons9/Documents/collision_avoidance_hdl/tests/include", "/home/kons9/Documents/collision_avoidance_hdl/src"]
10:12:42 [DEBUG] (1) svls::backend: defines: {"DEBUG": Some(Define { identifier: "DEBUG", arguments: [], text: None })}
10:12:42 [DEBUG] (1) svls::backend: parse_error: Include { source: File { source: Os { code: 2, kind: NotFound, message: "No such file or directory" }, path: "types.sv" } }
10:12:43 [DEBUG] (1) svls::backend: did_change
10:12:43 [DEBUG] (1) svls::backend: include_paths: ["/home/kons9/Documents/collision_avoidance_hdl/include", "/home/kons9/Documents/collision_avoidance_hdl/tests/include", "/home/kons9/Documents/collision_avoidance_hdl/src"]
10:12:43 [DEBUG] (1) svls::backend: defines: {"DEBUG": Some(Define { identifier: "DEBUG", arguments: [], text: None })}
10:12:43 [DEBUG] (1) svls::backend: parse_error: Include { source: File { source: Os { code: 2, kind: NotFound, message: "No such file or directory" }, path: "types.sv" } }
10:12:45 [DEBUG] (1) svls::backend: did_change
10:12:45 [DEBUG] (1) svls::backend: include_paths: ["/home/kons9/Documents/collision_avoidance_hdl/include", "/home/kons9/Documents/collision_avoidance_hdl/tests/include", "/home/kons9/Documents/collision_avoidance_hdl/src"]
10:12:45 [DEBUG] (1) svls::backend: defines: {"DEBUG": Some(Define { identifier: "DEBUG", arguments: [], text: None })}
10:12:45 [DEBUG] (1) svls::backend: parse_error: Include { source: File { source: Os { code: 2, kind: NotFound, message: "No such file or directory" }, path: "types.sv" } }
10:12:45 [DEBUG] (1) svls::backend: did_change
10:12:45 [DEBUG] (1) svls::backend: include_paths: ["/home/kons9/Documents/collision_avoidance_hdl/include", "/home/kons9/Documents/collision_avoidance_hdl/tests/include", "/home/kons9/Documents/collision_avoidance_hdl/src"]
10:12:45 [DEBUG] (1) svls::backend: defines: {"DEBUG": Some(Define { identifier: "DEBUG", arguments: [], text: None })}
10:12:45 [DEBUG] (1) svls::backend: parse_error: Include { source: File { source: Os { code: 2, kind: NotFound, message: "No such file or directory" }, path: "types.sv" } }
10:12:48 [DEBUG] (1) svls::backend: did_change
10:12:48 [DEBUG] (1) svls::backend: include_paths: ["/home/kons9/Documents/collision_avoidance_hdl/include", "/home/kons9/Documents/collision_avoidance_hdl/tests/include", "/home/kons9/Documents/collision_avoidance_hdl/src"]
10:12:48 [DEBUG] (1) svls::backend: defines: {"DEBUG": Some(Define { identifier: "DEBUG", arguments: [], text: None })}
10:12:48 [DEBUG] (1) svls::backend: parse_error: Include { source: File { source: Os { code: 2, kind: NotFound, message: "No such file or directory" }, path: "types.sv" } }
10:12:48 [DEBUG] (1) svls::backend: did_change
10:12:48 [DEBUG] (1) svls::backend: include_paths: ["/home/kons9/Documents/collision_avoidance_hdl/include", "/home/kons9/Documents/collision_avoidance_hdl/tests/include", "/home/kons9/Documents/collision_avoidance_hdl/src"]
10:12:48 [DEBUG] (1) svls::backend: defines: {"DEBUG": Some(Define { identifier: "DEBUG", arguments: [], text: None })}
10:12:48 [DEBUG] (1) svls::backend: parse_error: Include { source: File { source: Os { code: 2, kind: NotFound, message: "No such file or directory" }, path: "types.sv" } }
10:12:48 [DEBUG] (1) svls::backend: did_change
10:12:48 [DEBUG] (1) svls::backend: include_paths: ["/home/kons9/Documents/collision_avoidance_hdl/include", "/home/kons9/Documents/collision_avoidance_hdl/tests/include", "/home/kons9/Documents/collision_avoidance_hdl/src"]
10:12:48 [DEBUG] (1) svls::backend: defines: {"DEBUG": Some(Define { identifier: "DEBUG", arguments: [], text: None })}
10:12:48 [DEBUG] (1) svls::backend: parse_error: Include { source: File { source: Os { code: 2, kind: NotFound, message: "No such file or directory" }, path: "types.sv" } }
10:12:48 [DEBUG] (1) svls::backend: did_change
10:12:48 [DEBUG] (1) svls::backend: include_paths: ["/home/kons9/Documents/collision_avoidance_hdl/include", "/home/kons9/Documents/collision_avoidance_hdl/tests/include", "/home/kons9/Documents/collision_avoidance_hdl/src"]
10:12:48 [DEBUG] (1) svls::backend: defines: {"DEBUG": Some(Define { identifier: "DEBUG", arguments: [], text: None })}
10:12:48 [DEBUG] (1) svls::backend: parse_error: Include { source: File { source: Os { code: 2, kind: NotFound, message: "No such file or directory" }, path: "types.sv" } }
10:12:49 [DEBUG] (1) svls::backend: did_change
10:12:49 [DEBUG] (1) svls::backend: include_paths: ["/home/kons9/Documents/collision_avoidance_hdl/include", "/home/kons9/Documents/collision_avoidance_hdl/tests/include", "/home/kons9/Documents/collision_avoidance_hdl/src"]
10:12:49 [DEBUG] (1) svls::backend: defines: {"DEBUG": Some(Define { identifier: "DEBUG", arguments: [], text: None })}
10:12:49 [DEBUG] (1) svls::backend: parse_error: Include { source: File { source: Os { code: 2, kind: NotFound, message: "No such file or directory" }, path: "types.sv" } }
10:12:49 [DEBUG] (1) svls::backend: did_change
10:12:49 [DEBUG] (1) svls::backend: include_paths: ["/home/kons9/Documents/collision_avoidance_hdl/include", "/home/kons9/Documents/collision_avoidance_hdl/tests/include", "/home/kons9/Documents/collision_avoidance_hdl/src"]
10:12:49 [DEBUG] (1) svls::backend: defines: {"DEBUG": Some(Define { identifier: "DEBUG", arguments: [], text: None })}
10:12:49 [DEBUG] (1) svls::backend: parse_error: Include { source: File { source: Os { code: 2, kind: NotFound, message: "No such file or directory" }, path: "types.sv" } }
10:12:49 [DEBUG] (1) svls::backend: did_change
10:12:49 [DEBUG] (1) svls::backend: include_paths: ["/home/kons9/Documents/collision_avoidance_hdl/include", "/home/kons9/Documents/collision_avoidance_hdl/tests/include", "/home/kons9/Documents/collision_avoidance_hdl/src"]
10:12:49 [DEBUG] (1) svls::backend: defines: {"DEBUG": Some(Define { identifier: "DEBUG", arguments: [], text: None })}
10:12:49 [DEBUG] (1) svls::backend: parse_error: Include { source: File { source: Os { code: 2, kind: NotFound, message: "No such file or directory" }, path: "types.sv" } }
